<?xml version="1.0" encoding="UTF-8"?>
<testsuite name="com.example.project.TestDay4" tests="4" skipped="0" failures="0" errors="0" timestamp="2024-12-20T03:42:52" hostname="codespaces-80f2ed" time="0.02">
  <properties/>
  <testcase name="testSimulateRaceLongerDuration()" classname="com.example.project.TestDay4" time="0.001"/>
  <testcase name="testSimulateSecondRunning()" classname="com.example.project.TestDay4" time="0.001"/>
  <testcase name="testReindeerCreation()" classname="com.example.project.TestDay4" time="0.005"/>
  <testcase name="testSimulateRaceWithHardcodedReindeers()" classname="com.example.project.TestDay4" time="0.001"/>
  <system-out><![CDATA[]]></system-out>
  <system-err><![CDATA[]]></system-err>
</testsuite>
